<?xml version="1.0" encoding="UTF-8"?>
<!-- Generated by org.testng.reporters.JUnitXMLReporter -->
<testsuite hostname="Destiny-PC" ignored="0" name="Default test" tests="3" failures="0" timestamp="23 Jul 2020 19:18:13 GMT" time="71.054" errors="0">
  <testcase name="loginPageNaviagation" time="0.504" classname="TAB_Automation.TAB_Testing.TABLoginPage"/>
  <testcase name="FAQNavigation" time="29.535" classname="TAB_Automation.TAB_Testing.TABLoginPage"/>
  <testcase name="LKPSearchNavigation" time="23.461" classname="TAB_Automation.TAB_Testing.TABLoginPage"/>
</testsuite> <!-- Default test -->
